2025-02-24 15:12:40,825 - INFO - 시뮬레이션 버튼 클릭
2025-02-24 15:12:40,853 - INFO - 데이터 필터링 완료
2025-02-24 15:12:45,831 - INFO - 조건: (date_window: 1, adjustment: 1.0)
2025-02-24 15:12:45,831 - INFO - 매수 거래량: 39464.0, 매도 거래량: 21267.0
2025-02-24 15:12:45,831 - INFO - 매수 수익: 39464.0, 매도 수익: 21267.0
2025-02-24 15:12:46,512 - INFO - 조건: (date_window: 1, adjustment: 2.0)
2025-02-24 15:12:46,512 - INFO - 매수 거래량: 33648.0, 매도 거래량: 20244.0
2025-02-24 15:12:46,512 - INFO - 매수 수익: 67296.0, 매도 수익: 40488.0
2025-02-24 15:12:47,005 - INFO - 조건: (date_window: 1, adjustment: 3.0)
2025-02-24 15:12:47,005 - INFO - 매수 거래량: 25113.0, 매도 거래량: 18045.0
2025-02-24 15:12:47,005 - INFO - 매수 수익: 75339.0, 매도 수익: 54135.0
2025-02-24 15:12:47,390 - INFO - 조건: (date_window: 1, adjustment: 4.0)
2025-02-24 15:12:47,390 - INFO - 매수 거래량: 17765.0, 매도 거래량: 17124.0
2025-02-24 15:12:47,390 - INFO - 매수 수익: 71060.0, 매도 수익: 68496.0
2025-02-24 15:12:47,726 - INFO - 조건: (date_window: 1, adjustment: 5.0)
2025-02-24 15:12:47,727 - INFO - 매수 거래량: 11381.0, 매도 거래량: 16382.0
2025-02-24 15:12:47,727 - INFO - 매수 수익: 56905.0, 매도 수익: 81910.0
2025-02-24 15:12:47,994 - INFO - 조건: (date_window: 1, adjustment: 6.0)
2025-02-24 15:12:47,994 - INFO - 매수 거래량: 3704.0, 매도 거래량: 14312.0
2025-02-24 15:12:47,994 - INFO - 매수 수익: 22224.0, 매도 수익: 85872.0
2025-02-24 15:12:48,224 - INFO - 조건: (date_window: 1, adjustment: 7.0)
2025-02-24 15:12:48,225 - INFO - 매수 거래량: 997.0, 매도 거래량: 14312.0
2025-02-24 15:12:48,225 - INFO - 매수 수익: 6979.0, 매도 수익: 100184.0
2025-02-24 15:12:48,437 - INFO - 조건: (date_window: 1, adjustment: 8.0)
2025-02-24 15:12:48,437 - INFO - 매수 거래량: 0.0, 매도 거래량: 12005.0
2025-02-24 15:12:48,437 - INFO - 매수 수익: 0.0, 매도 수익: 96040.0
2025-02-24 15:12:48,632 - INFO - 조건: (date_window: 1, adjustment: 9.0)
2025-02-24 15:12:48,632 - INFO - 매수 거래량: 0.0, 매도 거래량: 11228.0
2025-02-24 15:12:48,632 - INFO - 매수 수익: 0.0, 매도 수익: 101052.0
2025-02-24 15:12:48,811 - INFO - 조건: (date_window: 1, adjustment: 10.0)
2025-02-24 15:12:48,811 - INFO - 매수 거래량: 0.0, 매도 거래량: 11228.0
2025-02-24 15:12:48,811 - INFO - 매수 수익: 0.0, 매도 수익: 112280.0
2025-02-24 15:12:50,151 - INFO - 조건: (date_window: 2, adjustment: 1.0)
2025-02-24 15:12:50,151 - INFO - 매수 거래량: 39464.0, 매도 거래량: 23878.0
2025-02-24 15:12:50,151 - INFO - 매수 수익: 39464.0, 매도 수익: 23878.0
2025-02-24 15:12:51,170 - INFO - 조건: (date_window: 2, adjustment: 2.0)
2025-02-24 15:12:51,170 - INFO - 매수 거래량: 34247.0, 매도 거래량: 22855.0
2025-02-24 15:12:51,170 - INFO - 매수 수익: 68494.0, 매도 수익: 45710.0
2025-02-24 15:12:51,948 - INFO - 조건: (date_window: 2, adjustment: 3.0)
2025-02-24 15:12:51,948 - INFO - 매수 거래량: 26375.0, 매도 거래량: 20390.0
2025-02-24 15:12:51,948 - INFO - 매수 수익: 79125.0, 매도 수익: 61170.0
2025-02-24 15:12:52,576 - INFO - 조건: (date_window: 2, adjustment: 4.0)
2025-02-24 15:12:52,576 - INFO - 매수 거래량: 18765.0, 매도 거래량: 20138.0
2025-02-24 15:12:52,576 - INFO - 매수 수익: 75060.0, 매도 수익: 80552.0
2025-02-24 15:12:53,137 - INFO - 조건: (date_window: 2, adjustment: 5.0)
2025-02-24 15:12:53,138 - INFO - 매수 거래량: 13814.0, 매도 거래량: 18646.0
2025-02-24 15:12:53,138 - INFO - 매수 수익: 69070.0, 매도 수익: 93230.0
2025-02-24 15:12:56,921 - INFO - 시뮬레이션 버튼 클릭
2025-02-24 15:12:56,941 - INFO - 데이터 필터링 완료
2025-02-24 15:12:59,850 - INFO - 조건: (date_window: 1, adjustment: 1.0)
2025-02-24 15:12:59,850 - INFO - 매수 거래량: 26013.0, 매도 거래량: 20009.0
2025-02-24 15:12:59,850 - INFO - 매수 수익: 26013.0, 매도 수익: 20009.0
2025-02-24 15:13:00,264 - INFO - 조건: (date_window: 1, adjustment: 2.0)
2025-02-24 15:13:00,264 - INFO - 매수 거래량: 25513.0, 매도 거래량: 19076.0
2025-02-24 15:13:00,264 - INFO - 매수 수익: 51026.0, 매도 수익: 38152.0
2025-02-24 15:13:00,561 - INFO - 조건: (date_window: 1, adjustment: 3.0)
2025-02-24 15:13:00,561 - INFO - 매수 거래량: 20006.0, 매도 거래량: 16977.0
2025-02-24 15:13:00,561 - INFO - 매수 수익: 60018.0, 매도 수익: 50931.0
2025-02-24 15:13:00,782 - INFO - 조건: (date_window: 1, adjustment: 4.0)
2025-02-24 15:13:00,782 - INFO - 매수 거래량: 16027.0, 매도 거래량: 16208.0
2025-02-24 15:13:00,782 - INFO - 매수 수익: 64108.0, 매도 수익: 64832.0
2025-02-24 15:13:00,960 - INFO - 조건: (date_window: 1, adjustment: 5.0)
2025-02-24 15:13:00,960 - INFO - 매수 거래량: 9957.0, 매도 거래량: 15466.0
2025-02-24 15:13:00,960 - INFO - 매수 수익: 49785.0, 매도 수익: 77330.0
2025-02-24 15:13:01,113 - INFO - 조건: (date_window: 1, adjustment: 6.0)
2025-02-24 15:13:01,113 - INFO - 매수 거래량: 2457.0, 매도 거래량: 13396.0
2025-02-24 15:13:01,113 - INFO - 매수 수익: 14742.0, 매도 수익: 80376.0
2025-02-24 15:13:01,258 - INFO - 조건: (date_window: 1, adjustment: 7.0)
2025-02-24 15:13:01,258 - INFO - 매수 거래량: 0.0, 매도 거래량: 13396.0
2025-02-24 15:13:01,258 - INFO - 매수 수익: 0.0, 매도 수익: 93772.0
2025-02-24 15:13:01,374 - INFO - 조건: (date_window: 1, adjustment: 8.0)
2025-02-24 15:13:01,374 - INFO - 매수 거래량: 0.0, 매도 거래량: 11777.0
2025-02-24 15:13:01,374 - INFO - 매수 수익: 0.0, 매도 수익: 94216.0
2025-02-24 15:13:01,479 - INFO - 조건: (date_window: 1, adjustment: 9.0)
2025-02-24 15:13:01,479 - INFO - 매수 거래량: 0.0, 매도 거래량: 11028.0
2025-02-24 15:13:01,479 - INFO - 매수 수익: 0.0, 매도 수익: 99252.0
2025-02-24 15:13:01,570 - INFO - 조건: (date_window: 1, adjustment: 10.0)
2025-02-24 15:13:01,570 - INFO - 매수 거래량: 0.0, 매도 거래량: 11028.0
2025-02-24 15:13:01,570 - INFO - 매수 수익: 0.0, 매도 수익: 110280.0
2025-02-24 15:13:02,368 - INFO - 조건: (date_window: 2, adjustment: 1.0)
2025-02-24 15:13:02,368 - INFO - 매수 거래량: 26013.0, 매도 거래량: 21404.0
2025-02-24 15:13:02,368 - INFO - 매수 수익: 26013.0, 매도 수익: 21404.0
2025-02-24 15:13:03,051 - INFO - 조건: (date_window: 2, adjustment: 2.0)
2025-02-24 15:13:03,052 - INFO - 매수 거래량: 25513.0, 매도 거래량: 20471.0
2025-02-24 15:13:03,052 - INFO - 매수 수익: 51026.0, 매도 수익: 40942.0
2025-02-24 15:13:03,576 - INFO - 조건: (date_window: 2, adjustment: 3.0)
2025-02-24 15:13:03,576 - INFO - 매수 거래량: 20869.0, 매도 거래량: 18372.0
2025-02-24 15:13:03,576 - INFO - 매수 수익: 62607.0, 매도 수익: 55116.0
2025-02-24 15:13:04,033 - INFO - 조건: (date_window: 2, adjustment: 4.0)
2025-02-24 15:13:04,033 - INFO - 매수 거래량: 17027.0, 매도 거래량: 18372.0
2025-02-24 15:13:04,033 - INFO - 매수 수익: 68108.0, 매도 수익: 73488.0
2025-02-24 15:13:04,416 - INFO - 조건: (date_window: 2, adjustment: 5.0)
2025-02-24 15:13:04,416 - INFO - 매수 거래량: 12390.0, 매도 거래량: 17630.0
2025-02-24 15:13:04,416 - INFO - 매수 수익: 61950.0, 매도 수익: 88150.0
2025-02-24 15:13:04,783 - INFO - 조건: (date_window: 2, adjustment: 6.0)
2025-02-24 15:13:04,783 - INFO - 매수 거래량: 4890.0, 매도 거래량: 14165.0
2025-02-24 15:13:04,783 - INFO - 매수 수익: 29340.0, 매도 수익: 84990.0
2025-02-24 15:13:05,090 - INFO - 조건: (date_window: 2, adjustment: 7.0)
2025-02-24 15:13:05,090 - INFO - 매수 거래량: 1570.0, 매도 거래량: 14165.0
2025-02-24 15:13:05,090 - INFO - 매수 수익: 10990.0, 매도 수익: 99155.0
2025-02-24 15:13:05,380 - INFO - 조건: (date_window: 2, adjustment: 8.0)
2025-02-24 15:13:05,380 - INFO - 매수 거래량: 1433.0, 매도 거래량: 12546.0
2025-02-24 15:13:05,380 - INFO - 매수 수익: 11464.0, 매도 수익: 100368.0
2025-02-24 15:13:05,661 - INFO - 조건: (date_window: 2, adjustment: 9.0)
2025-02-24 15:13:05,661 - INFO - 매수 거래량: 0.0, 매도 거래량: 11797.0
2025-02-24 15:13:05,661 - INFO - 매수 수익: 0.0, 매도 수익: 106173.0
2025-02-24 15:13:05,931 - INFO - 조건: (date_window: 2, adjustment: 10.0)
2025-02-24 15:13:05,931 - INFO - 매수 거래량: 0.0, 매도 거래량: 11028.0
2025-02-24 15:13:05,932 - INFO - 매수 수익: 0.0, 매도 수익: 110280.0
2025-02-24 15:13:07,017 - INFO - 조건: (date_window: 3, adjustment: 1.0)
2025-02-24 15:13:07,018 - INFO - 매수 거래량: 26013.0, 매도 거래량: 21404.0
2025-02-24 15:13:07,018 - INFO - 매수 수익: 26013.0, 매도 수익: 21404.0
2025-02-24 15:13:07,979 - INFO - 조건: (date_window: 3, adjustment: 2.0)
2025-02-24 15:13:07,979 - INFO - 매수 거래량: 25513.0, 매도 거래량: 21404.0
2025-02-24 15:13:07,979 - INFO - 매수 수익: 51026.0, 매도 수익: 42808.0
2025-02-24 15:13:08,785 - INFO - 조건: (date_window: 3, adjustment: 3.0)
2025-02-24 15:13:08,785 - INFO - 매수 거래량: 20869.0, 매도 거래량: 21404.0
2025-02-24 15:13:08,785 - INFO - 매수 수익: 62607.0, 매도 수익: 64212.0
2025-02-24 15:13:09,482 - INFO - 조건: (date_window: 3, adjustment: 4.0)
2025-02-24 15:13:09,483 - INFO - 매수 거래량: 17027.0, 매도 거래량: 21404.0
2025-02-24 15:13:09,483 - INFO - 매수 수익: 68108.0, 매도 수익: 85616.0
2025-02-24 15:13:10,079 - INFO - 조건: (date_window: 3, adjustment: 5.0)
2025-02-24 15:13:10,080 - INFO - 매수 거래량: 12390.0, 매도 거래량: 20662.0
2025-02-24 15:13:10,080 - INFO - 매수 수익: 61950.0, 매도 수익: 103310.0
2025-02-24 15:13:10,599 - INFO - 조건: (date_window: 3, adjustment: 6.0)
2025-02-24 15:13:10,599 - INFO - 매수 거래량: 4890.0, 매도 거래량: 18592.0
2025-02-24 15:13:10,600 - INFO - 매수 수익: 29340.0, 매도 수익: 111552.0
2025-02-24 15:13:11,092 - INFO - 조건: (date_window: 3, adjustment: 7.0)
2025-02-24 15:13:11,092 - INFO - 매수 거래량: 1570.0, 매도 거래량: 18592.0
2025-02-24 15:13:11,092 - INFO - 매수 수익: 10990.0, 매도 수익: 130144.0
2025-02-24 15:13:11,517 - INFO - 조건: (date_window: 3, adjustment: 8.0)
2025-02-24 15:13:11,517 - INFO - 매수 거래량: 1433.0, 매도 거래량: 16040.0
2025-02-24 15:13:11,517 - INFO - 매수 수익: 11464.0, 매도 수익: 128320.0
2025-02-24 15:13:11,921 - INFO - 조건: (date_window: 3, adjustment: 9.0)
2025-02-24 15:13:11,921 - INFO - 매수 거래량: 0.0, 매도 거래량: 13192.0
2025-02-24 15:13:11,921 - INFO - 매수 수익: 0.0, 매도 수익: 118728.0
2025-02-24 15:13:12,275 - INFO - 조건: (date_window: 3, adjustment: 10.0)
2025-02-24 15:13:12,275 - INFO - 매수 거래량: 0.0, 매도 거래량: 13192.0
2025-02-24 15:13:12,275 - INFO - 매수 수익: 0.0, 매도 수익: 131920.0
2025-02-24 15:13:13,596 - INFO - 조건: (date_window: 4, adjustment: 1.0)
2025-02-24 15:13:13,596 - INFO - 매수 거래량: 26013.0, 매도 거래량: 21404.0
2025-02-24 15:13:13,596 - INFO - 매수 수익: 26013.0, 매도 수익: 21404.0
2025-02-24 15:13:14,778 - INFO - 조건: (date_window: 4, adjustment: 2.0)
2025-02-24 15:13:14,778 - INFO - 매수 거래량: 25513.0, 매도 거래량: 21404.0
2025-02-24 15:13:14,778 - INFO - 매수 수익: 51026.0, 매도 수익: 42808.0
2025-02-24 15:13:15,798 - INFO - 조건: (date_window: 4, adjustment: 3.0)
2025-02-24 15:13:15,798 - INFO - 매수 거래량: 20869.0, 매도 거래량: 21404.0
2025-02-24 15:13:15,798 - INFO - 매수 수익: 62607.0, 매도 수익: 64212.0
2025-02-24 15:13:16,699 - INFO - 조건: (date_window: 4, adjustment: 4.0)
2025-02-24 15:13:16,699 - INFO - 매수 거래량: 17027.0, 매도 거래량: 21404.0
2025-02-24 15:13:16,699 - INFO - 매수 수익: 68108.0, 매도 수익: 85616.0
2025-02-24 15:13:17,511 - INFO - 조건: (date_window: 4, adjustment: 5.0)
2025-02-24 15:13:17,512 - INFO - 매수 거래량: 12390.0, 매도 거래량: 20662.0
2025-02-24 15:13:17,512 - INFO - 매수 수익: 61950.0, 매도 수익: 103310.0
2025-02-24 15:13:18,268 - INFO - 조건: (date_window: 4, adjustment: 6.0)
2025-02-24 15:13:18,268 - INFO - 매수 거래량: 4890.0, 매도 거래량: 18592.0
2025-02-24 15:13:18,268 - INFO - 매수 수익: 29340.0, 매도 수익: 111552.0
2025-02-24 15:13:24,725 - INFO - 시뮬레이션 버튼 클릭
2025-02-24 15:13:24,746 - INFO - 데이터 필터링 완료
2025-02-24 15:13:39,471 - INFO - 조건: (date_window: 1, adjustment: 1.0)
2025-02-24 15:13:39,471 - INFO - 매수 거래량: 78217.0, 매도 거래량: 70912.0
2025-02-24 15:13:39,471 - INFO - 매수 수익: 78217.0, 매도 수익: 70912.0
2025-02-24 15:13:40,697 - INFO - 조건: (date_window: 1, adjustment: 2.0)
2025-02-24 15:13:40,697 - INFO - 매수 거래량: 71059.0, 매도 거래량: 65200.0
2025-02-24 15:13:40,697 - INFO - 매수 수익: 142118.0, 매도 수익: 130400.0
2025-02-24 15:13:41,657 - INFO - 조건: (date_window: 1, adjustment: 3.0)
2025-02-24 15:13:41,657 - INFO - 매수 거래량: 63384.0, 매도 거래량: 51707.0
2025-02-24 15:13:41,657 - INFO - 매수 수익: 190152.0, 매도 수익: 155121.0
2025-02-24 15:13:42,413 - INFO - 조건: (date_window: 1, adjustment: 4.0)
2025-02-24 15:13:42,413 - INFO - 매수 거래량: 55203.0, 매도 거래량: 41160.0
2025-02-24 15:13:42,413 - INFO - 매수 수익: 220812.0, 매도 수익: 164640.0
2025-02-24 15:13:43,041 - INFO - 조건: (date_window: 1, adjustment: 5.0)
2025-02-24 15:13:43,041 - INFO - 매수 거래량: 39855.0, 매도 거래량: 29355.0
2025-02-24 15:13:43,041 - INFO - 매수 수익: 199275.0, 매도 수익: 146775.0
2025-02-24 15:13:43,565 - INFO - 조건: (date_window: 1, adjustment: 6.0)
2025-02-24 15:13:43,565 - INFO - 매수 거래량: 31167.0, 매도 거래량: 23175.0
2025-02-24 15:13:43,565 - INFO - 매수 수익: 187002.0, 매도 수익: 139050.0
2025-02-24 15:13:44,037 - INFO - 조건: (date_window: 1, adjustment: 7.0)
2025-02-24 15:13:44,037 - INFO - 매수 거래량: 27268.0, 매도 거래량: 18945.0
2025-02-24 15:13:44,037 - INFO - 매수 수익: 190876.0, 매도 수익: 132615.0
2025-02-24 15:13:44,445 - INFO - 조건: (date_window: 1, adjustment: 8.0)
2025-02-24 15:13:44,445 - INFO - 매수 거래량: 22518.0, 매도 거래량: 13239.0
2025-02-24 15:13:44,445 - INFO - 매수 수익: 180144.0, 매도 수익: 105912.0
2025-02-24 15:13:44,812 - INFO - 조건: (date_window: 1, adjustment: 9.0)
2025-02-24 15:13:44,812 - INFO - 매수 거래량: 19020.0, 매도 거래량: 11028.0
2025-02-24 15:13:44,812 - INFO - 매수 수익: 171180.0, 매도 수익: 99252.0
2025-02-24 15:13:45,120 - INFO - 조건: (date_window: 1, adjustment: 10.0)
2025-02-24 15:13:45,120 - INFO - 매수 거래량: 16595.0, 매도 거래량: 11028.0
2025-02-24 15:13:45,120 - INFO - 매수 수익: 165950.0, 매도 수익: 110280.0
2025-02-24 15:13:48,104 - INFO - 조건: (date_window: 2, adjustment: 1.0)
2025-02-24 15:13:48,105 - INFO - 매수 거래량: 82762.0, 매도 거래량: 72307.0
2025-02-24 15:13:48,105 - INFO - 매수 수익: 82762.0, 매도 수익: 72307.0
2025-02-24 15:13:50,504 - INFO - 조건: (date_window: 2, adjustment: 2.0)
2025-02-24 15:13:50,504 - INFO - 매수 거래량: 77574.0, 매도 거래량: 66595.0
2025-02-24 15:13:50,504 - INFO - 매수 수익: 155148.0, 매도 수익: 133190.0
2025-02-24 15:13:52,469 - INFO - 조건: (date_window: 2, adjustment: 3.0)
2025-02-24 15:13:52,469 - INFO - 매수 거래량: 72930.0, 매도 거래량: 54785.0
2025-02-24 15:13:52,469 - INFO - 매수 수익: 218790.0, 매도 수익: 164355.0
2025-02-24 15:13:54,059 - INFO - 조건: (date_window: 2, adjustment: 4.0)
2025-02-24 15:13:54,059 - INFO - 매수 거래량: 65784.0, 매도 거래량: 48146.0
2025-02-24 15:13:54,059 - INFO - 매수 수익: 263136.0, 매도 수익: 192584.0
2025-02-24 15:13:55,398 - INFO - 조건: (date_window: 2, adjustment: 5.0)
2025-02-24 15:13:55,398 - INFO - 매수 거래량: 56411.0, 매도 거래량: 35719.0
2025-02-24 15:13:55,398 - INFO - 매수 수익: 282055.0, 매도 수익: 178595.0
2025-02-24 15:13:56,523 - INFO - 조건: (date_window: 2, adjustment: 6.0)
2025-02-24 15:13:56,523 - INFO - 매수 거래량: 47095.0, 매도 거래량: 27705.0
2025-02-24 15:13:56,523 - INFO - 매수 수익: 282570.0, 매도 수익: 166230.0
2025-02-24 15:13:57,473 - INFO - 조건: (date_window: 2, adjustment: 7.0)
2025-02-24 15:13:57,473 - INFO - 매수 거래량: 40100.0, 매도 거래량: 22425.0
2025-02-24 15:13:57,473 - INFO - 매수 수익: 280700.0, 매도 수익: 156975.0
2025-02-24 15:13:58,310 - INFO - 조건: (date_window: 2, adjustment: 8.0)
2025-02-24 15:13:58,310 - INFO - 매수 거래량: 31670.0, 매도 거래량: 16016.0
2025-02-24 15:13:58,310 - INFO - 매수 수익: 253360.0, 매도 수익: 128128.0
2025-02-24 15:13:59,056 - INFO - 조건: (date_window: 2, adjustment: 9.0)
2025-02-24 15:13:59,056 - INFO - 매수 거래량: 25572.0, 매도 거래량: 14208.0
2025-02-24 15:13:59,056 - INFO - 매수 수익: 230148.0, 매도 수익: 127872.0
2025-02-24 15:13:59,734 - INFO - 조건: (date_window: 2, adjustment: 10.0)
2025-02-24 15:13:59,734 - INFO - 매수 거래량: 19606.0, 매도 거래량: 11785.0
2025-02-24 15:13:59,734 - INFO - 매수 수익: 196060.0, 매도 수익: 117850.0
2025-02-24 15:14:04,161 - INFO - 조건: (date_window: 3, adjustment: 1.0)
2025-02-24 15:14:04,161 - INFO - 매수 거래량: 84249.0, 매도 거래량: 73021.0
2025-02-24 15:14:04,161 - INFO - 매수 수익: 84249.0, 매도 수익: 73021.0
2025-02-24 15:14:07,782 - INFO - 조건: (date_window: 3, adjustment: 2.0)
2025-02-24 15:14:07,782 - INFO - 매수 거래량: 80789.0, 매도 거래량: 68343.0
2025-02-24 15:14:07,782 - INFO - 매수 수익: 161578.0, 매도 수익: 136686.0
2025-02-24 15:14:10,845 - INFO - 조건: (date_window: 3, adjustment: 3.0)
2025-02-24 15:14:10,845 - INFO - 매수 거래량: 76145.0, 매도 거래량: 59000.0
2025-02-24 15:14:10,845 - INFO - 매수 수익: 228435.0, 매도 수익: 177000.0
2025-02-24 15:14:13,281 - INFO - 조건: (date_window: 3, adjustment: 4.0)
2025-02-24 15:14:13,281 - INFO - 매수 거래량: 69330.0, 매도 거래량: 55216.0
2025-02-24 15:14:13,281 - INFO - 매수 수익: 277320.0, 매도 수익: 220864.0
2025-02-24 15:14:15,260 - INFO - 조건: (date_window: 3, adjustment: 5.0)
2025-02-24 15:14:15,260 - INFO - 매수 거래량: 59396.0, 매도 거래량: 39566.0
2025-02-24 15:14:15,260 - INFO - 매수 수익: 296980.0, 매도 수익: 197830.0
2025-02-24 15:14:16,886 - INFO - 조건: (date_window: 3, adjustment: 6.0)
2025-02-24 15:14:16,886 - INFO - 매수 거래량: 50080.0, 매도 거래량: 32132.0
2025-02-24 15:14:16,886 - INFO - 매수 수익: 300480.0, 매도 수익: 192792.0
2025-02-24 15:14:18,268 - INFO - 조건: (date_window: 3, adjustment: 7.0)
2025-02-24 15:14:18,268 - INFO - 매수 거래량: 43884.0, 매도 거래량: 26852.0
2025-02-24 15:14:18,268 - INFO - 매수 수익: 307188.0, 매도 수익: 187964.0
2025-02-24 15:14:19,490 - INFO - 조건: (date_window: 3, adjustment: 8.0)
2025-02-24 15:14:19,490 - INFO - 매수 거래량: 39606.0, 매도 거래량: 19510.0
2025-02-24 15:14:19,490 - INFO - 매수 수익: 316848.0, 매도 수익: 156080.0
2025-02-24 15:14:20,636 - INFO - 조건: (date_window: 3, adjustment: 9.0)
2025-02-24 15:14:20,636 - INFO - 매수 거래량: 32115.0, 매도 거래량: 15603.0
2025-02-24 15:14:20,636 - INFO - 매수 수익: 289035.0, 매도 수익: 140427.0
2025-02-24 15:14:21,654 - INFO - 조건: (date_window: 3, adjustment: 10.0)
2025-02-24 15:14:21,654 - INFO - 매수 거래량: 20453.0, 매도 거래량: 13949.0
2025-02-24 15:14:21,655 - INFO - 매수 수익: 204530.0, 매도 수익: 139490.0
2025-02-24 15:14:27,500 - INFO - 조건: (date_window: 4, adjustment: 1.0)
2025-02-24 15:14:27,500 - INFO - 매수 거래량: 84249.0, 매도 거래량: 75180.0
2025-02-24 15:14:27,500 - INFO - 매수 수익: 84249.0, 매도 수익: 75180.0
2025-02-24 15:14:32,572 - INFO - 조건: (date_window: 4, adjustment: 2.0)
2025-02-24 15:14:32,572 - INFO - 매수 거래량: 80789.0, 매도 거래량: 70602.0
2025-02-24 15:14:32,572 - INFO - 매수 수익: 161578.0, 매도 수익: 141204.0
2025-02-24 15:14:36,762 - INFO - 조건: (date_window: 4, adjustment: 3.0)
2025-02-24 15:14:36,762 - INFO - 매수 거래량: 76145.0, 매도 거래량: 60417.0
2025-02-24 15:14:36,763 - INFO - 매수 수익: 228435.0, 매도 수익: 181251.0
2025-02-24 15:14:40,229 - INFO - 조건: (date_window: 4, adjustment: 4.0)
2025-02-24 15:14:40,229 - INFO - 매수 거래량: 69330.0, 매도 거래량: 57581.0
2025-02-24 15:14:40,229 - INFO - 매수 수익: 277320.0, 매도 수익: 230324.0
2025-02-24 15:14:43,086 - INFO - 조건: (date_window: 4, adjustment: 5.0)
2025-02-24 15:14:43,086 - INFO - 매수 거래량: 59748.0, 매도 거래량: 45224.0
2025-02-24 15:14:43,086 - INFO - 매수 수익: 298740.0, 매도 수익: 226120.0
2025-02-24 15:14:45,474 - INFO - 조건: (date_window: 4, adjustment: 6.0)
2025-02-24 15:14:45,475 - INFO - 매수 거래량: 51411.0, 매도 거래량: 37188.0
2025-02-24 15:14:45,475 - INFO - 매수 수익: 308466.0, 매도 수익: 223128.0
2025-02-24 15:14:47,509 - INFO - 조건: (date_window: 4, adjustment: 7.0)
2025-02-24 15:14:47,509 - INFO - 매수 거래량: 45215.0, 매도 거래량: 31908.0
2025-02-24 15:14:47,509 - INFO - 매수 수익: 316505.0, 매도 수익: 223356.0
2025-02-24 15:14:49,327 - INFO - 조건: (date_window: 4, adjustment: 8.0)
2025-02-24 15:14:49,327 - INFO - 매수 거래량: 42027.0, 매도 거래량: 25499.0
2025-02-24 15:14:49,327 - INFO - 매수 수익: 336216.0, 매도 수익: 203992.0
2025-02-24 15:14:50,983 - INFO - 조건: (date_window: 4, adjustment: 9.0)
2025-02-24 15:14:50,983 - INFO - 매수 거래량: 36693.0, 매도 거래량: 23691.0
2025-02-24 15:14:50,984 - INFO - 매수 수익: 330237.0, 매도 수익: 213219.0
2025-02-24 15:14:52,484 - INFO - 조건: (date_window: 4, adjustment: 10.0)
2025-02-24 15:14:52,484 - INFO - 매수 거래량: 26274.0, 매도 거래량: 22037.0
2025-02-24 15:14:52,485 - INFO - 매수 수익: 262740.0, 매도 수익: 220370.0
2025-02-24 15:14:59,669 - INFO - 조건: (date_window: 5, adjustment: 1.0)
2025-02-24 15:14:59,669 - INFO - 매수 거래량: 84249.0, 매도 거래량: 75180.0
2025-02-24 15:14:59,669 - INFO - 매수 수익: 84249.0, 매도 수익: 75180.0
2025-02-24 15:15:05,876 - INFO - 조건: (date_window: 5, adjustment: 2.0)
2025-02-24 15:15:05,876 - INFO - 매수 거래량: 80789.0, 매도 거래량: 72502.0
2025-02-24 15:15:05,876 - INFO - 매수 수익: 161578.0, 매도 수익: 145004.0
2025-02-24 15:15:11,099 - INFO - 조건: (date_window: 5, adjustment: 3.0)
2025-02-24 15:15:11,100 - INFO - 매수 거래량: 76145.0, 매도 거래량: 64079.0
2025-02-24 15:15:11,100 - INFO - 매수 수익: 228435.0, 매도 수익: 192237.0
2025-02-24 15:15:15,502 - INFO - 조건: (date_window: 5, adjustment: 4.0)
2025-02-24 15:15:15,502 - INFO - 매수 거래량: 69330.0, 매도 거래량: 64059.0
2025-02-24 15:15:15,502 - INFO - 매수 수익: 277320.0, 매도 수익: 256236.0
2025-02-24 15:15:19,137 - INFO - 조건: (date_window: 5, adjustment: 5.0)
2025-02-24 15:15:19,137 - INFO - 매수 거래량: 59748.0, 매도 거래량: 52913.0
2025-02-24 15:15:19,137 - INFO - 매수 수익: 298740.0, 매도 수익: 264565.0
2025-02-24 15:15:22,318 - INFO - 조건: (date_window: 5, adjustment: 6.0)
2025-02-24 15:15:22,318 - INFO - 매수 거래량: 51411.0, 매도 거래량: 45384.0
2025-02-24 15:15:22,318 - INFO - 매수 수익: 308466.0, 매도 수익: 272304.0
2025-02-24 15:15:25,050 - INFO - 조건: (date_window: 5, adjustment: 7.0)
2025-02-24 15:15:25,050 - INFO - 매수 거래량: 45215.0, 매도 거래량: 39884.0
2025-02-24 15:15:25,050 - INFO - 매수 수익: 316505.0, 매도 수익: 279188.0
2025-02-24 15:15:27,535 - INFO - 조건: (date_window: 5, adjustment: 8.0)
2025-02-24 15:15:27,535 - INFO - 매수 거래량: 42027.0, 매도 거래량: 33475.0
2025-02-24 15:15:27,535 - INFO - 매수 수익: 336216.0, 매도 수익: 267800.0
2025-02-24 15:15:29,824 - INFO - 조건: (date_window: 5, adjustment: 9.0)
2025-02-24 15:15:29,824 - INFO - 매수 거래량: 36693.0, 매도 거래량: 31667.0
2025-02-24 15:15:29,824 - INFO - 매수 수익: 330237.0, 매도 수익: 285003.0
2025-02-24 15:15:31,941 - INFO - 조건: (date_window: 5, adjustment: 10.0)
2025-02-24 15:15:31,941 - INFO - 매수 거래량: 26274.0, 매도 거래량: 30013.0
2025-02-24 15:15:31,941 - INFO - 매수 수익: 262740.0, 매도 수익: 300130.0
2025-02-24 15:15:40,440 - INFO - 조건: (date_window: 6, adjustment: 1.0)
2025-02-24 15:15:40,440 - INFO - 매수 거래량: 84249.0, 매도 거래량: 75180.0
2025-02-24 15:15:40,440 - INFO - 매수 수익: 84249.0, 매도 수익: 75180.0
2025-02-24 15:15:47,854 - INFO - 조건: (date_window: 6, adjustment: 2.0)
2025-02-24 15:15:47,854 - INFO - 매수 거래량: 80789.0, 매도 거래량: 72502.0
2025-02-24 15:15:47,854 - INFO - 매수 수익: 161578.0, 매도 수익: 145004.0
2025-02-24 15:15:54,220 - INFO - 조건: (date_window: 6, adjustment: 3.0)
2025-02-24 15:15:54,220 - INFO - 매수 거래량: 76145.0, 매도 거래량: 64079.0
2025-02-24 15:15:54,220 - INFO - 매수 수익: 228435.0, 매도 수익: 192237.0
2025-02-24 15:15:59,665 - INFO - 조건: (date_window: 6, adjustment: 4.0)
2025-02-24 15:15:59,665 - INFO - 매수 거래량: 69330.0, 매도 거래량: 64059.0
2025-02-24 15:15:59,665 - INFO - 매수 수익: 277320.0, 매도 수익: 256236.0
2025-02-24 15:16:04,313 - INFO - 조건: (date_window: 6, adjustment: 5.0)
2025-02-24 15:16:04,313 - INFO - 매수 거래량: 59748.0, 매도 거래량: 59938.0
2025-02-24 15:16:04,314 - INFO - 매수 수익: 298740.0, 매도 수익: 299690.0
2025-02-24 15:16:08,417 - INFO - 조건: (date_window: 6, adjustment: 6.0)
2025-02-24 15:16:08,417 - INFO - 매수 거래량: 51411.0, 매도 거래량: 56469.0
2025-02-24 15:16:08,417 - INFO - 매수 수익: 308466.0, 매도 수익: 338814.0
2025-02-24 15:16:12,041 - INFO - 조건: (date_window: 6, adjustment: 7.0)
2025-02-24 15:16:12,041 - INFO - 매수 거래량: 45215.0, 매도 거래량: 54517.0
2025-02-24 15:16:12,042 - INFO - 매수 수익: 316505.0, 매도 수익: 381619.0
2025-02-24 15:16:15,404 - INFO - 조건: (date_window: 6, adjustment: 8.0)
2025-02-24 15:16:15,404 - INFO - 매수 거래량: 42027.0, 매도 거래량: 51295.0
2025-02-24 15:16:15,404 - INFO - 매수 수익: 336216.0, 매도 수익: 410360.0
2025-02-24 15:16:18,438 - INFO - 조건: (date_window: 6, adjustment: 9.0)
2025-02-24 15:16:18,438 - INFO - 매수 거래량: 36693.0, 매도 거래량: 47812.0
2025-02-24 15:16:18,438 - INFO - 매수 수익: 330237.0, 매도 수익: 430308.0
2025-02-24 15:16:21,192 - INFO - 조건: (date_window: 6, adjustment: 10.0)
2025-02-24 15:16:21,192 - INFO - 매수 거래량: 26274.0, 매도 거래량: 45404.0
2025-02-24 15:16:21,192 - INFO - 매수 수익: 262740.0, 매도 수익: 454040.0
2025-02-24 15:16:30,908 - INFO - 조건: (date_window: 7, adjustment: 1.0)
2025-02-24 15:16:30,908 - INFO - 매수 거래량: 84249.0, 매도 거래량: 75180.0
2025-02-24 15:16:30,908 - INFO - 매수 수익: 84249.0, 매도 수익: 75180.0
2025-02-24 15:16:39,458 - INFO - 조건: (date_window: 7, adjustment: 2.0)
2025-02-24 15:16:39,459 - INFO - 매수 거래량: 80789.0, 매도 거래량: 72502.0
2025-02-24 15:16:39,459 - INFO - 매수 수익: 161578.0, 매도 수익: 145004.0
2025-02-24 15:16:47,095 - INFO - 조건: (date_window: 7, adjustment: 3.0)
2025-02-24 15:16:47,095 - INFO - 매수 거래량: 76145.0, 매도 거래량: 64079.0
2025-02-24 15:16:47,095 - INFO - 매수 수익: 228435.0, 매도 수익: 192237.0
2025-02-24 15:16:53,752 - INFO - 조건: (date_window: 7, adjustment: 4.0)
2025-02-24 15:16:53,752 - INFO - 매수 거래량: 69330.0, 매도 거래량: 64079.0
2025-02-24 15:16:53,752 - INFO - 매수 수익: 277320.0, 매도 수익: 256316.0
2025-02-24 15:16:59,540 - INFO - 조건: (date_window: 7, adjustment: 5.0)
2025-02-24 15:16:59,540 - INFO - 매수 거래량: 59748.0, 매도 거래량: 61542.0
2025-02-24 15:16:59,540 - INFO - 매수 수익: 298740.0, 매도 수익: 307710.0
2025-02-24 15:17:04,680 - INFO - 조건: (date_window: 7, adjustment: 6.0)
2025-02-24 15:17:04,680 - INFO - 매수 거래량: 51411.0, 매도 거래량: 59120.0
2025-02-24 15:17:04,680 - INFO - 매수 수익: 308466.0, 매도 수익: 354720.0
2025-02-24 15:17:09,321 - INFO - 조건: (date_window: 7, adjustment: 7.0)
2025-02-24 15:17:09,321 - INFO - 매수 거래량: 45215.0, 매도 거래량: 58769.0
2025-02-24 15:17:09,321 - INFO - 매수 수익: 316505.0, 매도 수익: 411383.0
2025-02-24 15:17:13,526 - INFO - 조건: (date_window: 7, adjustment: 8.0)
2025-02-24 15:17:13,526 - INFO - 매수 거래량: 42027.0, 매도 거래량: 57150.0
2025-02-24 15:17:13,526 - INFO - 매수 수익: 336216.0, 매도 수익: 457200.0
2025-02-24 15:17:17,390 - INFO - 조건: (date_window: 7, adjustment: 9.0)
2025-02-24 15:17:17,390 - INFO - 매수 거래량: 36693.0, 매도 거래량: 56050.0
2025-02-24 15:17:17,390 - INFO - 매수 수익: 330237.0, 매도 수익: 504450.0
2025-02-24 15:17:20,944 - INFO - 조건: (date_window: 7, adjustment: 10.0)
2025-02-24 15:17:20,944 - INFO - 매수 거래량: 26274.0, 매도 거래량: 54582.0
2025-02-24 15:17:20,944 - INFO - 매수 수익: 262740.0, 매도 수익: 545820.0
2025-02-24 15:17:20,945 - INFO - 시뮬레이션 실행 완료
2025-02-24 15:17:20,948 - INFO -    date_window  adjustment  total_buy_amo  total_buy_pro  total_sell_amo  total_sell_pro
0            1         1.0        78217.0        78217.0         70912.0         70912.0
1            1         2.0        71059.0       142118.0         65200.0        130400.0
2            1         3.0        63384.0       190152.0         51707.0        155121.0
3            1         4.0        55203.0       220812.0         41160.0        164640.0
4            1         5.0        39855.0       199275.0         29355.0        146775.0
5            1         6.0        31167.0       187002.0         23175.0        139050.0
6            1         7.0        27268.0       190876.0         18945.0        132615.0
7            1         8.0        22518.0       180144.0         13239.0        105912.0
8            1         9.0        19020.0       171180.0         11028.0         99252.0
9            1        10.0        16595.0       165950.0         11028.0        110280.0
2025-02-24 15:17:21,839 - INFO - 분석 실행 완료 및 csv 파일 저장
2025-02-24 15:20:41,476 - INFO - 시뮬레이션 버튼 클릭
2025-02-24 15:20:41,494 - INFO - 데이터 필터링 완료
2025-02-24 15:20:55,973 - INFO - 조건: (date_window: 1, adjustment: 1.0)
2025-02-24 15:20:55,973 - INFO - 매수 거래량: 78217.0, 매도 거래량: 70912.0
2025-02-24 15:20:55,973 - INFO - 매수 수익: 78217.0, 매도 수익: 70912.0
2025-02-24 15:20:57,183 - INFO - 조건: (date_window: 1, adjustment: 2.0)
2025-02-24 15:20:57,183 - INFO - 매수 거래량: 71059.0, 매도 거래량: 65200.0
2025-02-24 15:20:57,183 - INFO - 매수 수익: 142118.0, 매도 수익: 130400.0
2025-02-24 15:20:58,136 - INFO - 조건: (date_window: 1, adjustment: 3.0)
2025-02-24 15:20:58,136 - INFO - 매수 거래량: 63384.0, 매도 거래량: 51707.0
2025-02-24 15:20:58,136 - INFO - 매수 수익: 190152.0, 매도 수익: 155121.0
2025-02-24 15:20:58,872 - INFO - 조건: (date_window: 1, adjustment: 4.0)
2025-02-24 15:20:58,872 - INFO - 매수 거래량: 55203.0, 매도 거래량: 41160.0
2025-02-24 15:20:58,872 - INFO - 매수 수익: 220812.0, 매도 수익: 164640.0
2025-02-24 15:20:59,464 - INFO - 조건: (date_window: 1, adjustment: 5.0)
2025-02-24 15:20:59,464 - INFO - 매수 거래량: 39855.0, 매도 거래량: 29355.0
2025-02-24 15:20:59,464 - INFO - 매수 수익: 199275.0, 매도 수익: 146775.0
2025-02-24 15:20:59,995 - INFO - 조건: (date_window: 1, adjustment: 6.0)
2025-02-24 15:20:59,995 - INFO - 매수 거래량: 31167.0, 매도 거래량: 23175.0
2025-02-24 15:20:59,995 - INFO - 매수 수익: 187002.0, 매도 수익: 139050.0
2025-02-24 15:21:00,441 - INFO - 조건: (date_window: 1, adjustment: 7.0)
2025-02-24 15:21:00,441 - INFO - 매수 거래량: 27268.0, 매도 거래량: 18945.0
2025-02-24 15:21:00,441 - INFO - 매수 수익: 190876.0, 매도 수익: 132615.0
2025-02-24 15:21:00,856 - INFO - 조건: (date_window: 1, adjustment: 8.0)
2025-02-24 15:21:00,856 - INFO - 매수 거래량: 22518.0, 매도 거래량: 13239.0
2025-02-24 15:21:00,856 - INFO - 매수 수익: 180144.0, 매도 수익: 105912.0
2025-02-24 15:21:01,212 - INFO - 조건: (date_window: 1, adjustment: 9.0)
2025-02-24 15:21:01,212 - INFO - 매수 거래량: 19020.0, 매도 거래량: 11028.0
2025-02-24 15:21:01,212 - INFO - 매수 수익: 171180.0, 매도 수익: 99252.0
2025-02-24 15:21:01,514 - INFO - 조건: (date_window: 1, adjustment: 10.0)
2025-02-24 15:21:01,514 - INFO - 매수 거래량: 16595.0, 매도 거래량: 11028.0
2025-02-24 15:21:01,514 - INFO - 매수 수익: 165950.0, 매도 수익: 110280.0
2025-02-24 15:21:04,448 - INFO - 조건: (date_window: 2, adjustment: 1.0)
2025-02-24 15:21:04,448 - INFO - 매수 거래량: 82762.0, 매도 거래량: 72307.0
2025-02-24 15:21:04,448 - INFO - 매수 수익: 82762.0, 매도 수익: 72307.0
2025-02-24 15:21:06,853 - INFO - 조건: (date_window: 2, adjustment: 2.0)
2025-02-24 15:21:06,853 - INFO - 매수 거래량: 77574.0, 매도 거래량: 66595.0
2025-02-24 15:21:06,853 - INFO - 매수 수익: 155148.0, 매도 수익: 133190.0
2025-02-24 15:21:08,804 - INFO - 조건: (date_window: 2, adjustment: 3.0)
2025-02-24 15:21:08,804 - INFO - 매수 거래량: 72930.0, 매도 거래량: 54785.0
2025-02-24 15:21:08,804 - INFO - 매수 수익: 218790.0, 매도 수익: 164355.0
2025-02-24 15:21:10,383 - INFO - 조건: (date_window: 2, adjustment: 4.0)
2025-02-24 15:21:10,383 - INFO - 매수 거래량: 65784.0, 매도 거래량: 48146.0
2025-02-24 15:21:10,383 - INFO - 매수 수익: 263136.0, 매도 수익: 192584.0
2025-02-24 15:21:11,721 - INFO - 조건: (date_window: 2, adjustment: 5.0)
2025-02-24 15:21:11,721 - INFO - 매수 거래량: 56411.0, 매도 거래량: 35719.0
2025-02-24 15:21:11,721 - INFO - 매수 수익: 282055.0, 매도 수익: 178595.0
2025-02-24 15:21:12,830 - INFO - 조건: (date_window: 2, adjustment: 6.0)
2025-02-24 15:21:12,830 - INFO - 매수 거래량: 47095.0, 매도 거래량: 27705.0
2025-02-24 15:21:12,830 - INFO - 매수 수익: 282570.0, 매도 수익: 166230.0
2025-02-24 15:21:13,770 - INFO - 조건: (date_window: 2, adjustment: 7.0)
2025-02-24 15:21:13,770 - INFO - 매수 거래량: 40100.0, 매도 거래량: 22425.0
2025-02-24 15:21:13,770 - INFO - 매수 수익: 280700.0, 매도 수익: 156975.0
2025-02-24 15:21:14,604 - INFO - 조건: (date_window: 2, adjustment: 8.0)
2025-02-24 15:21:14,604 - INFO - 매수 거래량: 31670.0, 매도 거래량: 16016.0
2025-02-24 15:21:14,604 - INFO - 매수 수익: 253360.0, 매도 수익: 128128.0
2025-02-24 15:21:15,340 - INFO - 조건: (date_window: 2, adjustment: 9.0)
2025-02-24 15:21:15,340 - INFO - 매수 거래량: 25572.0, 매도 거래량: 14208.0
2025-02-24 15:21:15,340 - INFO - 매수 수익: 230148.0, 매도 수익: 127872.0
2025-02-24 15:21:16,003 - INFO - 조건: (date_window: 2, adjustment: 10.0)
2025-02-24 15:21:16,003 - INFO - 매수 거래량: 19606.0, 매도 거래량: 11785.0
2025-02-24 15:21:16,003 - INFO - 매수 수익: 196060.0, 매도 수익: 117850.0
2025-02-24 15:21:20,385 - INFO - 조건: (date_window: 3, adjustment: 1.0)
2025-02-24 15:21:20,385 - INFO - 매수 거래량: 84249.0, 매도 거래량: 73021.0
2025-02-24 15:21:20,385 - INFO - 매수 수익: 84249.0, 매도 수익: 73021.0
2025-02-24 15:21:24,017 - INFO - 조건: (date_window: 3, adjustment: 2.0)
2025-02-24 15:21:24,017 - INFO - 매수 거래량: 80789.0, 매도 거래량: 68343.0
2025-02-24 15:21:24,018 - INFO - 매수 수익: 161578.0, 매도 수익: 136686.0
2025-02-24 15:21:27,087 - INFO - 조건: (date_window: 3, adjustment: 3.0)
2025-02-24 15:21:27,087 - INFO - 매수 거래량: 76145.0, 매도 거래량: 59000.0
2025-02-24 15:21:27,087 - INFO - 매수 수익: 228435.0, 매도 수익: 177000.0
2025-02-24 15:21:29,567 - INFO - 조건: (date_window: 3, adjustment: 4.0)
2025-02-24 15:21:29,568 - INFO - 매수 거래량: 69330.0, 매도 거래량: 55216.0
2025-02-24 15:21:29,568 - INFO - 매수 수익: 277320.0, 매도 수익: 220864.0
2025-02-24 15:21:31,607 - INFO - 조건: (date_window: 3, adjustment: 5.0)
2025-02-24 15:21:31,607 - INFO - 매수 거래량: 59396.0, 매도 거래량: 39566.0
2025-02-24 15:21:31,607 - INFO - 매수 수익: 296980.0, 매도 수익: 197830.0
2025-02-24 15:21:33,229 - INFO - 조건: (date_window: 3, adjustment: 6.0)
2025-02-24 15:21:33,229 - INFO - 매수 거래량: 50080.0, 매도 거래량: 32132.0
2025-02-24 15:21:33,229 - INFO - 매수 수익: 300480.0, 매도 수익: 192792.0
2025-02-24 15:21:34,628 - INFO - 조건: (date_window: 3, adjustment: 7.0)
2025-02-24 15:21:34,628 - INFO - 매수 거래량: 43884.0, 매도 거래량: 26852.0
2025-02-24 15:21:34,629 - INFO - 매수 수익: 307188.0, 매도 수익: 187964.0
2025-02-24 15:21:35,864 - INFO - 조건: (date_window: 3, adjustment: 8.0)
2025-02-24 15:21:35,864 - INFO - 매수 거래량: 39606.0, 매도 거래량: 19510.0
2025-02-24 15:21:35,864 - INFO - 매수 수익: 316848.0, 매도 수익: 156080.0
2025-02-24 15:21:37,007 - INFO - 조건: (date_window: 3, adjustment: 9.0)
2025-02-24 15:21:37,007 - INFO - 매수 거래량: 32115.0, 매도 거래량: 15603.0
2025-02-24 15:21:37,007 - INFO - 매수 수익: 289035.0, 매도 수익: 140427.0
2025-02-24 15:21:38,045 - INFO - 조건: (date_window: 3, adjustment: 10.0)
2025-02-24 15:21:38,045 - INFO - 매수 거래량: 20453.0, 매도 거래량: 13949.0
2025-02-24 15:21:38,045 - INFO - 매수 수익: 204530.0, 매도 수익: 139490.0
2025-02-24 15:21:44,015 - INFO - 조건: (date_window: 4, adjustment: 1.0)
2025-02-24 15:21:44,015 - INFO - 매수 거래량: 84249.0, 매도 거래량: 75180.0
2025-02-24 15:21:44,015 - INFO - 매수 수익: 84249.0, 매도 수익: 75180.0
2025-02-24 15:21:49,021 - INFO - 조건: (date_window: 4, adjustment: 2.0)
2025-02-24 15:21:49,021 - INFO - 매수 거래량: 80789.0, 매도 거래량: 70602.0
2025-02-24 15:21:49,021 - INFO - 매수 수익: 161578.0, 매도 수익: 141204.0
2025-02-24 15:21:53,226 - INFO - 조건: (date_window: 4, adjustment: 3.0)
2025-02-24 15:21:53,226 - INFO - 매수 거래량: 76145.0, 매도 거래량: 60417.0
2025-02-24 15:21:53,226 - INFO - 매수 수익: 228435.0, 매도 수익: 181251.0
2025-02-24 15:21:56,648 - INFO - 조건: (date_window: 4, adjustment: 4.0)
2025-02-24 15:21:56,648 - INFO - 매수 거래량: 69330.0, 매도 거래량: 57581.0
2025-02-24 15:21:56,648 - INFO - 매수 수익: 277320.0, 매도 수익: 230324.0
2025-02-24 15:21:59,506 - INFO - 조건: (date_window: 4, adjustment: 5.0)
2025-02-24 15:21:59,506 - INFO - 매수 거래량: 59748.0, 매도 거래량: 45224.0
2025-02-24 15:21:59,507 - INFO - 매수 수익: 298740.0, 매도 수익: 226120.0
2025-02-24 15:22:01,892 - INFO - 조건: (date_window: 4, adjustment: 6.0)
2025-02-24 15:22:01,892 - INFO - 매수 거래량: 51411.0, 매도 거래량: 37188.0
2025-02-24 15:22:01,892 - INFO - 매수 수익: 308466.0, 매도 수익: 223128.0
2025-02-24 15:22:03,897 - INFO - 조건: (date_window: 4, adjustment: 7.0)
2025-02-24 15:22:03,897 - INFO - 매수 거래량: 45215.0, 매도 거래량: 31908.0
2025-02-24 15:22:03,897 - INFO - 매수 수익: 316505.0, 매도 수익: 223356.0
2025-02-24 15:22:05,686 - INFO - 조건: (date_window: 4, adjustment: 8.0)
2025-02-24 15:22:05,686 - INFO - 매수 거래량: 42027.0, 매도 거래량: 25499.0
2025-02-24 15:22:05,686 - INFO - 매수 수익: 336216.0, 매도 수익: 203992.0
2025-02-24 15:22:07,325 - INFO - 조건: (date_window: 4, adjustment: 9.0)
2025-02-24 15:22:07,325 - INFO - 매수 거래량: 36693.0, 매도 거래량: 23691.0
2025-02-24 15:22:07,325 - INFO - 매수 수익: 330237.0, 매도 수익: 213219.0
2025-02-24 15:22:08,832 - INFO - 조건: (date_window: 4, adjustment: 10.0)
2025-02-24 15:22:08,832 - INFO - 매수 거래량: 26274.0, 매도 거래량: 22037.0
2025-02-24 15:22:08,832 - INFO - 매수 수익: 262740.0, 매도 수익: 220370.0
2025-02-24 15:22:15,929 - INFO - 조건: (date_window: 5, adjustment: 1.0)
2025-02-24 15:22:15,929 - INFO - 매수 거래량: 84249.0, 매도 거래량: 75180.0
2025-02-24 15:22:15,929 - INFO - 매수 수익: 84249.0, 매도 수익: 75180.0
2025-02-24 15:22:22,063 - INFO - 조건: (date_window: 5, adjustment: 2.0)
2025-02-24 15:22:22,063 - INFO - 매수 거래량: 80789.0, 매도 거래량: 72502.0
2025-02-24 15:22:22,063 - INFO - 매수 수익: 161578.0, 매도 수익: 145004.0
2025-02-24 15:22:27,310 - INFO - 조건: (date_window: 5, adjustment: 3.0)
2025-02-24 15:22:27,310 - INFO - 매수 거래량: 76145.0, 매도 거래량: 64079.0
2025-02-24 15:22:27,310 - INFO - 매수 수익: 228435.0, 매도 수익: 192237.0
2025-02-24 15:22:31,752 - INFO - 조건: (date_window: 5, adjustment: 4.0)
2025-02-24 15:22:31,752 - INFO - 매수 거래량: 69330.0, 매도 거래량: 64059.0
2025-02-24 15:22:31,752 - INFO - 매수 수익: 277320.0, 매도 수익: 256236.0
2025-02-24 15:22:35,420 - INFO - 조건: (date_window: 5, adjustment: 5.0)
2025-02-24 15:22:35,421 - INFO - 매수 거래량: 59748.0, 매도 거래량: 52913.0
2025-02-24 15:22:35,421 - INFO - 매수 수익: 298740.0, 매도 수익: 264565.0
2025-02-24 15:22:38,561 - INFO - 조건: (date_window: 5, adjustment: 6.0)
2025-02-24 15:22:38,562 - INFO - 매수 거래량: 51411.0, 매도 거래량: 45384.0
2025-02-24 15:22:38,562 - INFO - 매수 수익: 308466.0, 매도 수익: 272304.0
2025-02-24 15:22:41,321 - INFO - 조건: (date_window: 5, adjustment: 7.0)
2025-02-24 15:22:41,322 - INFO - 매수 거래량: 45215.0, 매도 거래량: 39884.0
2025-02-24 15:22:41,322 - INFO - 매수 수익: 316505.0, 매도 수익: 279188.0
2025-02-24 15:22:43,840 - INFO - 조건: (date_window: 5, adjustment: 8.0)
2025-02-24 15:22:43,840 - INFO - 매수 거래량: 42027.0, 매도 거래량: 33475.0
2025-02-24 15:22:43,840 - INFO - 매수 수익: 336216.0, 매도 수익: 267800.0
2025-02-24 15:22:46,127 - INFO - 조건: (date_window: 5, adjustment: 9.0)
2025-02-24 15:22:46,127 - INFO - 매수 거래량: 36693.0, 매도 거래량: 31667.0
2025-02-24 15:22:46,127 - INFO - 매수 수익: 330237.0, 매도 수익: 285003.0
2025-02-24 15:22:48,200 - INFO - 조건: (date_window: 5, adjustment: 10.0)
2025-02-24 15:22:48,200 - INFO - 매수 거래량: 26274.0, 매도 거래량: 30013.0
2025-02-24 15:22:48,200 - INFO - 매수 수익: 262740.0, 매도 수익: 300130.0
2025-02-24 15:22:56,628 - INFO - 조건: (date_window: 6, adjustment: 1.0)
2025-02-24 15:22:56,628 - INFO - 매수 거래량: 84249.0, 매도 거래량: 75180.0
2025-02-24 15:22:56,628 - INFO - 매수 수익: 84249.0, 매도 수익: 75180.0
2025-02-24 15:23:03,906 - INFO - 조건: (date_window: 6, adjustment: 2.0)
2025-02-24 15:23:03,906 - INFO - 매수 거래량: 80789.0, 매도 거래량: 72502.0
2025-02-24 15:23:03,906 - INFO - 매수 수익: 161578.0, 매도 수익: 145004.0
2025-02-24 15:23:10,306 - INFO - 조건: (date_window: 6, adjustment: 3.0)
2025-02-24 15:23:10,307 - INFO - 매수 거래량: 76145.0, 매도 거래량: 64079.0
2025-02-24 15:23:10,307 - INFO - 매수 수익: 228435.0, 매도 수익: 192237.0
2025-02-24 15:23:15,664 - INFO - 조건: (date_window: 6, adjustment: 4.0)
2025-02-24 15:23:15,664 - INFO - 매수 거래량: 69330.0, 매도 거래량: 64059.0
2025-02-24 15:23:15,664 - INFO - 매수 수익: 277320.0, 매도 수익: 256236.0
2025-02-24 15:23:20,302 - INFO - 조건: (date_window: 6, adjustment: 5.0)
2025-02-24 15:23:20,303 - INFO - 매수 거래량: 59748.0, 매도 거래량: 59938.0
2025-02-24 15:23:20,303 - INFO - 매수 수익: 298740.0, 매도 수익: 299690.0
2025-02-24 15:23:24,310 - INFO - 조건: (date_window: 6, adjustment: 6.0)
2025-02-24 15:23:24,310 - INFO - 매수 거래량: 51411.0, 매도 거래량: 56469.0
2025-02-24 15:23:24,310 - INFO - 매수 수익: 308466.0, 매도 수익: 338814.0
2025-02-24 15:23:27,923 - INFO - 조건: (date_window: 6, adjustment: 7.0)
2025-02-24 15:23:27,923 - INFO - 매수 거래량: 45215.0, 매도 거래량: 54517.0
2025-02-24 15:23:27,923 - INFO - 매수 수익: 316505.0, 매도 수익: 381619.0
2025-02-24 15:23:31,209 - INFO - 조건: (date_window: 6, adjustment: 8.0)
2025-02-24 15:23:31,209 - INFO - 매수 거래량: 42027.0, 매도 거래량: 51295.0
2025-02-24 15:23:31,209 - INFO - 매수 수익: 336216.0, 매도 수익: 410360.0
2025-02-24 15:23:34,240 - INFO - 조건: (date_window: 6, adjustment: 9.0)
2025-02-24 15:23:34,240 - INFO - 매수 거래량: 36693.0, 매도 거래량: 47812.0
2025-02-24 15:23:34,240 - INFO - 매수 수익: 330237.0, 매도 수익: 430308.0
2025-02-24 15:23:37,034 - INFO - 조건: (date_window: 6, adjustment: 10.0)
2025-02-24 15:23:37,034 - INFO - 매수 거래량: 26274.0, 매도 거래량: 45404.0
2025-02-24 15:23:37,034 - INFO - 매수 수익: 262740.0, 매도 수익: 454040.0
2025-02-24 15:23:46,804 - INFO - 조건: (date_window: 7, adjustment: 1.0)
2025-02-24 15:23:46,804 - INFO - 매수 거래량: 84249.0, 매도 거래량: 75180.0
2025-02-24 15:23:46,804 - INFO - 매수 수익: 84249.0, 매도 수익: 75180.0
2025-02-24 15:23:55,467 - INFO - 조건: (date_window: 7, adjustment: 2.0)
2025-02-24 15:23:55,467 - INFO - 매수 거래량: 80789.0, 매도 거래량: 72502.0
2025-02-24 15:23:55,467 - INFO - 매수 수익: 161578.0, 매도 수익: 145004.0
2025-02-24 15:24:03,005 - INFO - 조건: (date_window: 7, adjustment: 3.0)
2025-02-24 15:24:03,005 - INFO - 매수 거래량: 76145.0, 매도 거래량: 64079.0
2025-02-24 15:24:03,005 - INFO - 매수 수익: 228435.0, 매도 수익: 192237.0
2025-02-24 15:24:09,536 - INFO - 조건: (date_window: 7, adjustment: 4.0)
2025-02-24 15:24:09,537 - INFO - 매수 거래량: 69330.0, 매도 거래량: 64079.0
2025-02-24 15:24:09,537 - INFO - 매수 수익: 277320.0, 매도 수익: 256316.0
2025-02-24 15:24:15,339 - INFO - 조건: (date_window: 7, adjustment: 5.0)
2025-02-24 15:24:15,339 - INFO - 매수 거래량: 59748.0, 매도 거래량: 61542.0
2025-02-24 15:24:15,339 - INFO - 매수 수익: 298740.0, 매도 수익: 307710.0
2025-02-24 15:24:20,445 - INFO - 조건: (date_window: 7, adjustment: 6.0)
2025-02-24 15:24:20,445 - INFO - 매수 거래량: 51411.0, 매도 거래량: 59120.0
2025-02-24 15:24:20,446 - INFO - 매수 수익: 308466.0, 매도 수익: 354720.0
2025-02-24 15:24:25,056 - INFO - 조건: (date_window: 7, adjustment: 7.0)
2025-02-24 15:24:25,056 - INFO - 매수 거래량: 45215.0, 매도 거래량: 58769.0
2025-02-24 15:24:25,056 - INFO - 매수 수익: 316505.0, 매도 수익: 411383.0
2025-02-24 15:24:29,239 - INFO - 조건: (date_window: 7, adjustment: 8.0)
2025-02-24 15:24:29,239 - INFO - 매수 거래량: 42027.0, 매도 거래량: 57150.0
2025-02-24 15:24:29,239 - INFO - 매수 수익: 336216.0, 매도 수익: 457200.0
2025-02-24 15:24:33,121 - INFO - 조건: (date_window: 7, adjustment: 9.0)
2025-02-24 15:24:33,121 - INFO - 매수 거래량: 36693.0, 매도 거래량: 56050.0
2025-02-24 15:24:33,121 - INFO - 매수 수익: 330237.0, 매도 수익: 504450.0
2025-02-24 15:24:36,709 - INFO - 조건: (date_window: 7, adjustment: 10.0)
2025-02-24 15:24:36,709 - INFO - 매수 거래량: 26274.0, 매도 거래량: 54582.0
2025-02-24 15:24:36,709 - INFO - 매수 수익: 262740.0, 매도 수익: 545820.0
2025-02-24 15:24:36,709 - INFO - 시뮬레이션 실행 완료
2025-02-24 15:24:36,712 - INFO -    date_window  adjustment  total_buy_amo  total_buy_pro  total_sell_amo  total_sell_pro
0            1         1.0        78217.0        78217.0         70912.0         70912.0
1            1         2.0        71059.0       142118.0         65200.0        130400.0
2            1         3.0        63384.0       190152.0         51707.0        155121.0
3            1         4.0        55203.0       220812.0         41160.0        164640.0
4            1         5.0        39855.0       199275.0         29355.0        146775.0
5            1         6.0        31167.0       187002.0         23175.0        139050.0
6            1         7.0        27268.0       190876.0         18945.0        132615.0
7            1         8.0        22518.0       180144.0         13239.0        105912.0
8            1         9.0        19020.0       171180.0         11028.0         99252.0
9            1        10.0        16595.0       165950.0         11028.0        110280.0
2025-02-24 15:24:37,578 - INFO - 분석 실행 완료 및 csv 파일 저장
2025-02-24 15:26:49,501 - INFO - 시뮬레이션 버튼 클릭
2025-02-24 15:26:49,522 - INFO - 데이터 필터링 완료
2025-02-24 15:27:04,183 - INFO - 시뮬레이션 버튼 클릭
2025-02-24 15:27:04,204 - INFO - 데이터 필터링 완료
2025-02-24 15:33:47,631 - INFO - 시뮬레이션 버튼 클릭
2025-02-24 15:33:47,651 - INFO - 데이터 필터링 완료
2025-02-24 15:34:00,921 - INFO - 조건: (date_window: 1, adjustment: 1.0)
2025-02-24 15:34:00,921 - INFO - 매수 거래량: 56917.0, 매도 거래량: 59697.0
2025-02-24 15:34:00,921 - INFO - 매수 수익: 56917.0, 매도 수익: 59697.0
2025-02-24 15:34:01,835 - INFO - 조건: (date_window: 1, adjustment: 2.0)
2025-02-24 15:34:01,835 - INFO - 매수 거래량: 50259.0, 매도 거래량: 54918.0
2025-02-24 15:34:01,835 - INFO - 매수 수익: 100518.0, 매도 수익: 109836.0
2025-02-24 15:34:02,545 - INFO - 조건: (date_window: 1, adjustment: 3.0)
2025-02-24 15:34:02,545 - INFO - 매수 거래량: 48091.0, 매도 거래량: 41425.0
2025-02-24 15:34:02,545 - INFO - 매수 수익: 144273.0, 매도 수익: 124275.0
2025-02-24 15:34:03,118 - INFO - 조건: (date_window: 1, adjustment: 4.0)
2025-02-24 15:34:03,119 - INFO - 매수 거래량: 41793.0, 매도 거래량: 31647.0
2025-02-24 15:34:03,119 - INFO - 매수 수익: 167172.0, 매도 수익: 126588.0
2025-02-24 15:34:03,601 - INFO - 조건: (date_window: 1, adjustment: 5.0)
2025-02-24 15:34:03,601 - INFO - 매수 거래량: 31801.0, 매도 거래량: 20584.0
2025-02-24 15:34:03,601 - INFO - 매수 수익: 159005.0, 매도 수익: 102920.0
2025-02-24 15:34:03,994 - INFO - 조건: (date_window: 1, adjustment: 6.0)
2025-02-24 15:34:03,994 - INFO - 매수 거래량: 30197.0, 매도 거래량: 16474.0
2025-02-24 15:34:03,994 - INFO - 매수 수익: 181182.0, 매도 수익: 98844.0
2025-02-24 15:34:04,334 - INFO - 조건: (date_window: 1, adjustment: 7.0)
2025-02-24 15:34:04,334 - INFO - 매수 거래량: 27268.0, 매도 거래량: 12244.0
2025-02-24 15:34:04,334 - INFO - 매수 수익: 190876.0, 매도 수익: 85708.0
2025-02-24 15:34:04,632 - INFO - 조건: (date_window: 1, adjustment: 8.0)
2025-02-24 15:34:04,632 - INFO - 매수 거래량: 22518.0, 매도 거래량: 8157.0
2025-02-24 15:34:04,632 - INFO - 매수 수익: 180144.0, 매도 수익: 65256.0
2025-02-24 15:34:04,923 - INFO - 조건: (date_window: 1, adjustment: 9.0)
2025-02-24 15:34:04,923 - INFO - 매수 거래량: 19020.0, 매도 거래량: 6695.0
2025-02-24 15:34:04,923 - INFO - 매수 수익: 171180.0, 매도 수익: 60255.0
2025-02-24 15:34:05,145 - INFO - 조건: (date_window: 1, adjustment: 10.0)
2025-02-24 15:34:05,145 - INFO - 매수 거래량: 16595.0, 매도 거래량: 6695.0
2025-02-24 15:34:05,145 - INFO - 매수 수익: 165950.0, 매도 수익: 66950.0
2025-02-24 15:34:07,597 - INFO - 조건: (date_window: 2, adjustment: 1.0)
2025-02-24 15:34:07,597 - INFO - 매수 거래량: 61462.0, 매도 거래량: 61092.0
2025-02-24 15:34:07,597 - INFO - 매수 수익: 61462.0, 매도 수익: 61092.0
2025-02-24 15:34:09,597 - INFO - 조건: (date_window: 2, adjustment: 2.0)
2025-02-24 15:34:09,597 - INFO - 매수 거래량: 56774.0, 매도 거래량: 56313.0
2025-02-24 15:34:09,597 - INFO - 매수 수익: 113548.0, 매도 수익: 112626.0
2025-02-24 15:34:11,256 - INFO - 조건: (date_window: 2, adjustment: 3.0)
2025-02-24 15:34:11,256 - INFO - 매수 거래량: 56774.0, 매도 거래량: 44503.0
2025-02-24 15:34:11,256 - INFO - 매수 수익: 170322.0, 매도 수익: 133509.0
2025-02-24 15:34:12,584 - INFO - 조건: (date_window: 2, adjustment: 4.0)
2025-02-24 15:34:12,584 - INFO - 매수 거래량: 51374.0, 매도 거래량: 37864.0
2025-02-24 15:34:12,584 - INFO - 매수 수익: 205496.0, 매도 수익: 151456.0
2025-02-24 15:34:13,720 - INFO - 조건: (date_window: 2, adjustment: 5.0)
2025-02-24 15:34:13,720 - INFO - 매수 거래량: 45924.0, 매도 거래량: 26179.0
2025-02-24 15:34:13,720 - INFO - 매수 수익: 229620.0, 매도 수익: 130895.0
2025-02-24 15:34:14,669 - INFO - 조건: (date_window: 2, adjustment: 6.0)
2025-02-24 15:34:14,669 - INFO - 매수 거래량: 43692.0, 매도 거래량: 20235.0
2025-02-24 15:34:14,669 - INFO - 매수 수익: 262152.0, 매도 수익: 121410.0
2025-02-24 15:34:15,439 - INFO - 조건: (date_window: 2, adjustment: 7.0)
2025-02-24 15:34:15,439 - INFO - 매수 거래량: 38530.0, 매도 거래량: 14955.0
2025-02-24 15:34:15,439 - INFO - 매수 수익: 269710.0, 매도 수익: 104685.0
2025-02-24 15:34:16,134 - INFO - 조건: (date_window: 2, adjustment: 8.0)
2025-02-24 15:34:16,134 - INFO - 매수 거래량: 30237.0, 매도 거래량: 10165.0
2025-02-24 15:34:16,134 - INFO - 매수 수익: 241896.0, 매도 수익: 81320.0
2025-02-24 15:34:16,770 - INFO - 조건: (date_window: 2, adjustment: 9.0)
2025-02-24 15:34:16,770 - INFO - 매수 거래량: 25572.0, 매도 거래량: 9106.0
2025-02-24 15:34:16,770 - INFO - 매수 수익: 230148.0, 매도 수익: 81954.0
2025-02-24 15:34:17,308 - INFO - 조건: (date_window: 2, adjustment: 10.0)
2025-02-24 15:34:17,308 - INFO - 매수 거래량: 19606.0, 매도 거래량: 7452.0
2025-02-24 15:34:17,308 - INFO - 매수 수익: 196060.0, 매도 수익: 74520.0
2025-02-24 15:34:21,174 - INFO - 조건: (date_window: 3, adjustment: 1.0)
2025-02-24 15:34:21,174 - INFO - 매수 거래량: 62949.0, 매도 거래량: 61806.0
2025-02-24 15:34:21,174 - INFO - 매수 수익: 62949.0, 매도 수익: 61806.0
2025-02-24 15:34:24,307 - INFO - 조건: (date_window: 3, adjustment: 2.0)
2025-02-24 15:34:24,307 - INFO - 매수 거래량: 59989.0, 매도 거래량: 57128.0
2025-02-24 15:34:24,307 - INFO - 매수 수익: 119978.0, 매도 수익: 114256.0
2025-02-24 15:34:26,960 - INFO - 조건: (date_window: 3, adjustment: 3.0)
2025-02-24 15:34:26,960 - INFO - 매수 거래량: 59989.0, 매도 거래량: 47785.0
2025-02-24 15:34:26,961 - INFO - 매수 수익: 179967.0, 매도 수익: 143355.0
2025-02-24 15:34:29,105 - INFO - 조건: (date_window: 3, adjustment: 4.0)
2025-02-24 15:34:29,105 - INFO - 매수 거래량: 54920.0, 매도 거래량: 44001.0
2025-02-24 15:34:29,105 - INFO - 매수 수익: 219680.0, 매도 수익: 176004.0
2025-02-24 15:34:30,872 - INFO - 조건: (date_window: 3, adjustment: 5.0)
2025-02-24 15:34:30,872 - INFO - 매수 거래량: 48909.0, 매도 거래량: 29093.0
2025-02-24 15:34:30,872 - INFO - 매수 수익: 244545.0, 매도 수익: 145465.0
2025-02-24 15:34:32,292 - INFO - 조건: (date_window: 3, adjustment: 6.0)
2025-02-24 15:34:32,292 - INFO - 매수 거래량: 46677.0, 매도 거래량: 23729.0
2025-02-24 15:34:32,292 - INFO - 매수 수익: 280062.0, 매도 수익: 142374.0
2025-02-24 15:34:33,510 - INFO - 조건: (date_window: 3, adjustment: 7.0)
2025-02-24 15:34:33,510 - INFO - 매수 거래량: 42314.0, 매도 거래량: 18449.0
2025-02-24 15:34:33,510 - INFO - 매수 수익: 296198.0, 매도 수익: 129143.0
2025-02-24 15:34:34,586 - INFO - 조건: (date_window: 3, adjustment: 8.0)
2025-02-24 15:34:34,586 - INFO - 매수 거래량: 38173.0, 매도 거래량: 13659.0
2025-02-24 15:34:34,586 - INFO - 매수 수익: 305384.0, 매도 수익: 109272.0
2025-02-24 15:34:35,582 - INFO - 조건: (date_window: 3, adjustment: 9.0)
2025-02-24 15:34:35,582 - INFO - 매수 거래량: 32115.0, 매도 거래량: 10501.0
2025-02-24 15:34:35,582 - INFO - 매수 수익: 289035.0, 매도 수익: 94509.0
2025-02-24 15:34:36,492 - INFO - 조건: (date_window: 3, adjustment: 10.0)
2025-02-24 15:34:36,492 - INFO - 매수 거래량: 20453.0, 매도 거래량: 8847.0
2025-02-24 15:34:36,492 - INFO - 매수 수익: 204530.0, 매도 수익: 88470.0
2025-02-24 15:34:41,820 - INFO - 조건: (date_window: 4, adjustment: 1.0)
2025-02-24 15:34:41,821 - INFO - 매수 거래량: 62949.0, 매도 거래량: 63965.0
2025-02-24 15:34:41,821 - INFO - 매수 수익: 62949.0, 매도 수익: 63965.0
2025-02-24 15:34:46,413 - INFO - 조건: (date_window: 4, adjustment: 2.0)
2025-02-24 15:34:46,413 - INFO - 매수 거래량: 59989.0, 매도 거래량: 59387.0
2025-02-24 15:34:46,413 - INFO - 매수 수익: 119978.0, 매도 수익: 118774.0
2025-02-24 15:34:50,273 - INFO - 조건: (date_window: 4, adjustment: 3.0)
2025-02-24 15:34:50,273 - INFO - 매수 거래량: 59989.0, 매도 거래량: 49202.0
2025-02-24 15:34:50,273 - INFO - 매수 수익: 179967.0, 매도 수익: 147606.0
2025-02-24 15:34:53,427 - INFO - 조건: (date_window: 4, adjustment: 4.0)
2025-02-24 15:34:53,427 - INFO - 매수 거래량: 54920.0, 매도 거래량: 46366.0
2025-02-24 15:34:53,427 - INFO - 매수 수익: 219680.0, 매도 수익: 185464.0
2025-02-24 15:34:55,985 - INFO - 조건: (date_window: 4, adjustment: 5.0)
2025-02-24 15:34:55,985 - INFO - 매수 거래량: 49261.0, 매도 거래량: 34751.0
2025-02-24 15:34:55,985 - INFO - 매수 수익: 246305.0, 매도 수익: 173755.0
2025-02-24 15:34:58,141 - INFO - 조건: (date_window: 4, adjustment: 6.0)
2025-02-24 15:34:58,141 - INFO - 매수 거래량: 48008.0, 매도 거래량: 28785.0
2025-02-24 15:34:58,141 - INFO - 매수 수익: 288048.0, 매도 수익: 172710.0
2025-02-24 15:34:59,982 - INFO - 조건: (date_window: 4, adjustment: 7.0)
2025-02-24 15:34:59,982 - INFO - 매수 거래량: 43645.0, 매도 거래량: 23505.0
2025-02-24 15:34:59,982 - INFO - 매수 수익: 305515.0, 매도 수익: 164535.0
2025-02-24 15:35:01,631 - INFO - 조건: (date_window: 4, adjustment: 8.0)
2025-02-24 15:35:01,631 - INFO - 매수 거래량: 40594.0, 매도 거래량: 18715.0
2025-02-24 15:35:01,631 - INFO - 매수 수익: 324752.0, 매도 수익: 149720.0
2025-02-24 15:35:03,128 - INFO - 조건: (date_window: 4, adjustment: 9.0)
2025-02-24 15:35:03,128 - INFO - 매수 거래량: 36693.0, 매도 거래량: 17656.0
2025-02-24 15:35:03,128 - INFO - 매수 수익: 330237.0, 매도 수익: 158904.0
2025-02-24 15:35:04,507 - INFO - 조건: (date_window: 4, adjustment: 10.0)
2025-02-24 15:35:04,507 - INFO - 매수 거래량: 26274.0, 매도 거래량: 16002.0
2025-02-24 15:35:04,507 - INFO - 매수 수익: 262740.0, 매도 수익: 160020.0
2025-02-24 15:35:11,115 - INFO - 조건: (date_window: 5, adjustment: 1.0)
2025-02-24 15:35:11,115 - INFO - 매수 거래량: 62949.0, 매도 거래량: 63965.0
2025-02-24 15:35:11,115 - INFO - 매수 수익: 62949.0, 매도 수익: 63965.0
2025-02-24 15:35:16,784 - INFO - 조건: (date_window: 5, adjustment: 2.0)
2025-02-24 15:35:16,784 - INFO - 매수 거래량: 59989.0, 매도 거래량: 61287.0
2025-02-24 15:35:16,784 - INFO - 매수 수익: 119978.0, 매도 수익: 122574.0
2025-02-24 15:35:21,695 - INFO - 조건: (date_window: 5, adjustment: 3.0)
2025-02-24 15:35:21,695 - INFO - 매수 거래량: 59989.0, 매도 거래량: 52864.0
2025-02-24 15:35:21,695 - INFO - 매수 수익: 179967.0, 매도 수익: 158592.0
2025-02-24 15:35:25,745 - INFO - 조건: (date_window: 5, adjustment: 4.0)
2025-02-24 15:35:25,745 - INFO - 매수 거래량: 54920.0, 매도 거래량: 52844.0
2025-02-24 15:35:25,745 - INFO - 매수 수익: 219680.0, 매도 수익: 211376.0
2025-02-24 15:35:29,206 - INFO - 조건: (date_window: 5, adjustment: 5.0)
2025-02-24 15:35:29,206 - INFO - 매수 거래량: 49261.0, 매도 거래량: 42440.0
2025-02-24 15:35:29,206 - INFO - 매수 수익: 246305.0, 매도 수익: 212200.0
2025-02-24 15:35:32,191 - INFO - 조건: (date_window: 5, adjustment: 6.0)
2025-02-24 15:35:32,191 - INFO - 매수 거래량: 48008.0, 매도 거래량: 36981.0
2025-02-24 15:35:32,191 - INFO - 매수 수익: 288048.0, 매도 수익: 221886.0
2025-02-24 15:35:34,781 - INFO - 조건: (date_window: 5, adjustment: 7.0)
2025-02-24 15:35:34,782 - INFO - 매수 거래량: 43645.0, 매도 거래량: 31481.0
2025-02-24 15:35:34,782 - INFO - 매수 수익: 305515.0, 매도 수익: 220367.0
2025-02-24 15:35:37,124 - INFO - 조건: (date_window: 5, adjustment: 8.0)
2025-02-24 15:35:37,124 - INFO - 매수 거래량: 40594.0, 매도 거래량: 26691.0
2025-02-24 15:35:37,124 - INFO - 매수 수익: 324752.0, 매도 수익: 213528.0
2025-02-24 15:35:39,270 - INFO - 조건: (date_window: 5, adjustment: 9.0)
2025-02-24 15:35:39,270 - INFO - 매수 거래량: 36693.0, 매도 거래량: 25632.0
2025-02-24 15:35:39,270 - INFO - 매수 수익: 330237.0, 매도 수익: 230688.0
2025-02-24 15:35:41,278 - INFO - 조건: (date_window: 5, adjustment: 10.0)
2025-02-24 15:35:41,278 - INFO - 매수 거래량: 26274.0, 매도 거래량: 23978.0
2025-02-24 15:35:41,278 - INFO - 매수 수익: 262740.0, 매도 수익: 239780.0
2025-02-24 15:35:49,161 - INFO - 조건: (date_window: 6, adjustment: 1.0)
2025-02-24 15:35:49,161 - INFO - 매수 거래량: 62949.0, 매도 거래량: 63965.0
2025-02-24 15:35:49,161 - INFO - 매수 수익: 62949.0, 매도 수익: 63965.0
2025-02-24 15:35:56,143 - INFO - 조건: (date_window: 6, adjustment: 2.0)
2025-02-24 15:35:56,143 - INFO - 매수 거래량: 59989.0, 매도 거래량: 61287.0
2025-02-24 15:35:56,143 - INFO - 매수 수익: 119978.0, 매도 수익: 122574.0
2025-02-24 15:36:02,238 - INFO - 조건: (date_window: 6, adjustment: 3.0)
2025-02-24 15:36:02,238 - INFO - 매수 거래량: 59989.0, 매도 거래량: 52864.0
2025-02-24 15:36:02,238 - INFO - 매수 수익: 179967.0, 매도 수익: 158592.0
2025-02-24 15:36:07,338 - INFO - 조건: (date_window: 6, adjustment: 4.0)
2025-02-24 15:36:07,338 - INFO - 매수 거래량: 54920.0, 매도 거래량: 52844.0
2025-02-24 15:36:07,338 - INFO - 매수 수익: 219680.0, 매도 수익: 211376.0
2025-02-24 15:36:11,780 - INFO - 조건: (date_window: 6, adjustment: 5.0)
2025-02-24 15:36:11,780 - INFO - 매수 거래량: 49261.0, 매도 거래량: 49465.0
2025-02-24 15:36:11,780 - INFO - 매수 수익: 246305.0, 매도 수익: 247325.0
2025-02-24 15:36:15,642 - INFO - 조건: (date_window: 6, adjustment: 6.0)
2025-02-24 15:36:15,642 - INFO - 매수 거래량: 48008.0, 매도 거래량: 48066.0
2025-02-24 15:36:15,642 - INFO - 매수 수익: 288048.0, 매도 수익: 288396.0
2025-02-24 15:36:19,094 - INFO - 조건: (date_window: 6, adjustment: 7.0)
2025-02-24 15:36:19,094 - INFO - 매수 거래량: 43645.0, 매도 거래량: 46114.0
2025-02-24 15:36:19,094 - INFO - 매수 수익: 305515.0, 매도 수익: 322798.0
2025-02-24 15:36:22,261 - INFO - 조건: (date_window: 6, adjustment: 8.0)
2025-02-24 15:36:22,262 - INFO - 매수 거래량: 40594.0, 매도 거래량: 44511.0
2025-02-24 15:36:22,262 - INFO - 매수 수익: 324752.0, 매도 수익: 356088.0
2025-02-24 15:36:25,199 - INFO - 조건: (date_window: 6, adjustment: 9.0)
2025-02-24 15:36:25,199 - INFO - 매수 거래량: 36693.0, 매도 거래량: 41777.0
2025-02-24 15:36:25,199 - INFO - 매수 수익: 330237.0, 매도 수익: 375993.0
2025-02-24 15:36:27,860 - INFO - 조건: (date_window: 6, adjustment: 10.0)
2025-02-24 15:36:27,860 - INFO - 매수 거래량: 26274.0, 매도 거래량: 39369.0
2025-02-24 15:36:27,860 - INFO - 매수 수익: 262740.0, 매도 수익: 393690.0
2025-02-24 15:36:37,117 - INFO - 조건: (date_window: 7, adjustment: 1.0)
2025-02-24 15:36:37,117 - INFO - 매수 거래량: 62949.0, 매도 거래량: 63965.0
2025-02-24 15:36:37,117 - INFO - 매수 수익: 62949.0, 매도 수익: 63965.0
2025-02-24 15:36:45,271 - INFO - 조건: (date_window: 7, adjustment: 2.0)
2025-02-24 15:36:45,271 - INFO - 매수 거래량: 59989.0, 매도 거래량: 61287.0
2025-02-24 15:36:45,271 - INFO - 매수 수익: 119978.0, 매도 수익: 122574.0
2025-02-24 15:36:52,602 - INFO - 조건: (date_window: 7, adjustment: 3.0)
2025-02-24 15:36:52,602 - INFO - 매수 거래량: 59989.0, 매도 거래량: 52864.0
2025-02-24 15:36:52,602 - INFO - 매수 수익: 179967.0, 매도 수익: 158592.0
2025-02-24 15:36:58,866 - INFO - 조건: (date_window: 7, adjustment: 4.0)
2025-02-24 15:36:58,866 - INFO - 매수 거래량: 54920.0, 매도 거래량: 52864.0
2025-02-24 15:36:58,866 - INFO - 매수 수익: 219680.0, 매도 수익: 211456.0
2025-02-24 15:37:04,340 - INFO - 조건: (date_window: 7, adjustment: 5.0)
2025-02-24 15:37:04,340 - INFO - 매수 거래량: 49261.0, 매도 거래량: 51069.0
2025-02-24 15:37:04,340 - INFO - 매수 수익: 246305.0, 매도 수익: 255345.0
2025-02-24 15:37:09,220 - INFO - 조건: (date_window: 7, adjustment: 6.0)
2025-02-24 15:37:09,220 - INFO - 매수 거래량: 48008.0, 매도 거래량: 50717.0
2025-02-24 15:37:09,220 - INFO - 매수 수익: 288048.0, 매도 수익: 304302.0
2025-02-24 15:37:13,633 - INFO - 조건: (date_window: 7, adjustment: 7.0)
2025-02-24 15:37:13,633 - INFO - 매수 거래량: 43645.0, 매도 거래량: 50366.0
2025-02-24 15:37:13,633 - INFO - 매수 수익: 305515.0, 매도 수익: 352562.0
2025-02-24 15:37:17,727 - INFO - 조건: (date_window: 7, adjustment: 8.0)
2025-02-24 15:37:17,727 - INFO - 매수 거래량: 40594.0, 매도 거래량: 50366.0
2025-02-24 15:37:17,727 - INFO - 매수 수익: 324752.0, 매도 수익: 402928.0
2025-02-24 15:37:21,500 - INFO - 조건: (date_window: 7, adjustment: 9.0)
2025-02-24 15:37:21,500 - INFO - 매수 거래량: 36693.0, 매도 거래량: 50015.0
2025-02-24 15:37:21,500 - INFO - 매수 수익: 330237.0, 매도 수익: 450135.0
2025-02-24 15:37:24,997 - INFO - 조건: (date_window: 7, adjustment: 10.0)
2025-02-24 15:37:24,997 - INFO - 매수 거래량: 26274.0, 매도 거래량: 48547.0
2025-02-24 15:37:24,997 - INFO - 매수 수익: 262740.0, 매도 수익: 485470.0
2025-02-24 15:37:24,997 - INFO - 시뮬레이션 실행 완료
2025-02-24 15:37:25,000 - INFO -    date_window  adjustment  total_buy_amo  total_buy_pro  total_sell_amo  total_sell_pro
0            1         1.0        56917.0        56917.0         59697.0         59697.0
1            1         2.0        50259.0       100518.0         54918.0        109836.0
2            1         3.0        48091.0       144273.0         41425.0        124275.0
3            1         4.0        41793.0       167172.0         31647.0        126588.0
4            1         5.0        31801.0       159005.0         20584.0        102920.0
5            1         6.0        30197.0       181182.0         16474.0         98844.0
6            1         7.0        27268.0       190876.0         12244.0         85708.0
7            1         8.0        22518.0       180144.0          8157.0         65256.0
8            1         9.0        19020.0       171180.0          6695.0         60255.0
9            1        10.0        16595.0       165950.0          6695.0         66950.0
2025-02-24 15:37:25,564 - INFO - 분석 실행 완료 및 csv 파일 저장
